# JRE version: OpenJDK Runtime Environment Temurin-21.0.10+7 (21.0.10+7) (build 21.0.10+7-LTS)
# Java VM: OpenJDK 64-Bit Server VM Temurin-21.0.10+7 (21.0.10+7-LTS, mixed mode, sharing, tiered, compressed oops, compressed class ptrs, parallel gc, windows-amd64)
GC Precious Log:
 CardTable entry size: 512
 CPUs: 12 total, 12 available
 Memory: 7832M
 Large Page Support: Disabled
 NUMA Support: Disabled
 Compressed Oops: Enabled (32-bit)
 Alignments: Space 512K, Generation 512K, Heap 2M
 Heap Min Capacity: 100M
 Heap Initial Capacity: 100M
 Heap Max Capacity: 2G
 Pre-touch: Disabled
 Parallel Workers: 10
Heap:
 PSYoungGen      total 5632K, used 1511K [0x00000000d5580000, 0x00000000d5d00000, 0x0000000100000000)
  eden space 4608K, 14% used [0x00000000d5580000,0x00000000d5629f50,0x00000000d5a00000)
  from space 1024K, 81% used [0x00000000d5a00000,0x00000000d5ad0020,0x00000000d5b00000)
  to   space 1024K, 0% used [0x00000000d5c00000,0x00000000d5c00000,0x00000000d5d00000)
 ParOldGen       total 1044480K, used 1044337K [0x0000000080000000, 0x00000000bfc00000, 0x00000000d5580000)
  object space 1044480K, 99% used [0x0000000080000000,0x00000000bfbdc580,0x00000000bfc00000)
 Metaspace       used 101011K, committed 102784K, reserved 1179648K
  class space    used 10378K, committed 11200K, reserved 1048576K
GC Heap History (20 events):
Event: 10474.644 GC heap before
{Heap before GC invocations=2867 (full 7):
 PSYoungGen      total 4608K, used 4474K [0x00000000d5580000, 0x00000000d5d00000, 0x0000000100000000)
  eden space 3584K, 100% used [0x00000000d5580000,0x00000000d5900000,0x00000000d5900000)
  from space 1024K, 86% used [0x00000000d5900000,0x00000000d59de920,0x00000000d5a00000)
  to   space 2048K, 0% used [0x00000000d5b00000,0x00000000d5b00000,0x00000000d5d00000)
 ParOldGen       total 1039872K, used 1039602K [0x0000000080000000, 0x00000000bf780000, 0x00000000d5580000)
  object space 1039872K, 99% used [0x0000000080000000,0x00000000bf73c9c0,0x00000000bf780000)
 Metaspace       used 101009K, committed 102784K, reserved 1179648K
  class space    used 10378K, committed 11200K, reserved 1048576K
}
Event: 10474.659 GC heap after
{Heap after GC invocations=2867 (full 7):
 PSYoungGen      total 4096K, used 416K [0x00000000d5580000, 0x00000000d5b80000, 0x0000000100000000)
  eden space 3584K, 0% used [0x00000000d5580000,0x00000000d5580000,0x00000000d5900000)
  from space 512K, 81% used [0x00000000d5b00000,0x00000000d5b68000,0x00000000d5b80000)
  to   space 1024K, 0% used [0x00000000d5980000,0x00000000d5980000,0x00000000d5a80000)
 ParOldGen       total 1040896K, used 1040409K [0x0000000080000000, 0x00000000bf880000, 0x00000000d5580000)
  object space 1040896K, 99% used [0x0000000080000000,0x00000000bf806620,0x00000000bf880000)
 Metaspace       used 101009K, committed 102784K, reserved 1179648K
  class space    used 10378K, committed 11200K, reserved 1048576K
}
Event: 10474.791 GC heap before
{Heap before GC invocations=2868 (full 7):
 PSYoungGen      total 4096K, used 4000K [0x00000000d5580000, 0x00000000d5b80000, 0x0000000100000000)
  eden space 3584K, 100% used [0x00000000d5580000,0x00000000d5900000,0x00000000d5900000)
  from space 512K, 81% used [0x00000000d5b00000,0x00000000d5b68000,0x00000000d5b80000)
  to   space 1024K, 0% used [0x00000000d5980000,0x00000000d5980000,0x00000000d5a80000)
 ParOldGen       total 1040896K, used 1040409K [0x0000000080000000, 0x00000000bf880000, 0x00000000d5580000)
  object space 1040896K, 99% used [0x0000000080000000,0x00000000bf806620,0x00000000bf880000)
 Metaspace       used 101009K, committed 102784K, reserved 1179648K
  class space    used 10378K, committed 11200K, reserved 1048576K
}
Event: 10474.800 GC heap after
{Heap after GC invocations=2868 (full 7):
 PSYoungGen      total 4608K, used 800K [0x00000000d5580000, 0x00000000d5b80000, 0x0000000100000000)
  eden space 3584K, 0% used [0x00000000d5580000,0x00000000d5580000,0x00000000d5900000)
  from space 1024K, 78% used [0x00000000d5980000,0x00000000d5a48000,0x00000000d5a80000)
  to   space 1024K, 0% used [0x00000000d5a80000,0x00000000d5a80000,0x00000000d5b80000)
 ParOldGen       total 1040896K, used 1040691K [0x0000000080000000, 0x00000000bf880000, 0x00000000d5580000)
  object space 1040896K, 99% used [0x0000000080000000,0x00000000bf84cff0,0x00000000bf880000)
 Metaspace       used 101009K, committed 102784K, reserved 1179648K
  class space    used 10378K, committed 11200K, reserved 1048576K
}
Event: 10474.887 GC heap before
{Heap before GC invocations=2869 (full 7):
 PSYoungGen      total 4608K, used 4384K [0x00000000d5580000, 0x00000000d5b80000, 0x0000000100000000)
  eden space 3584K, 100% used [0x00000000d5580000,0x00000000d5900000,0x00000000d5900000)
  from space 1024K, 78% used [0x00000000d5980000,0x00000000d5a48000,0x00000000d5a80000)
  to   space 1024K, 0% used [0x00000000d5a80000,0x00000000d5a80000,0x00000000d5b80000)
 ParOldGen       total 1040896K, used 1040691K [0x0000000080000000, 0x00000000bf880000, 0x00000000d5580000)
  object space 1040896K, 99% used [0x0000000080000000,0x00000000bf84cff0,0x00000000bf880000)
 Metaspace       used 101009K, committed 102784K, reserved 1179648K
  class space    used 10378K, committed 11200K, reserved 1048576K
}
Event: 10474.892 GC heap after
{Heap after GC invocations=2869 (full 7):
 PSYoungGen      total 4608K, used 576K [0x00000000d5580000, 0x00000000d5b80000, 0x0000000100000000)
  eden space 3584K, 0% used [0x00000000d5580000,0x00000000d5580000,0x00000000d5900000)
  from space 1024K, 56% used [0x00000000d5a80000,0x00000000d5b10000,0x00000000d5b80000)
  to   space 1024K, 0% used [0x00000000d5980000,0x00000000d5980000,0x00000000d5a80000)
 ParOldGen       total 1041408K, used 1041291K [0x0000000080000000, 0x00000000bf900000, 0x00000000d5580000)
  object space 1041408K, 99% used [0x0000000080000000,0x00000000bf8e2ff0,0x00000000bf900000)
 Metaspace       used 101009K, committed 102784K, reserved 1179648K
  class space    used 10378K, committed 11200K, reserved 1048576K
}
Event: 10475.025 GC heap before
{Heap before GC invocations=2870 (full 7):
 PSYoungGen      total 4608K, used 4160K [0x00000000d5580000, 0x00000000d5b80000, 0x0000000100000000)
  eden space 3584K, 100% used [0x00000000d5580000,0x00000000d5900000,0x00000000d5900000)
  from space 1024K, 56% used [0x00000000d5a80000,0x00000000d5b10000,0x00000000d5b80000)
  to   space 1024K, 0% used [0x00000000d5980000,0x00000000d5980000,0x00000000d5a80000)
 ParOldGen       total 1041408K, used 1041291K [0x0000000080000000, 0x00000000bf900000, 0x00000000d5580000)
  object space 1041408K, 99% used [0x0000000080000000,0x00000000bf8e2ff0,0x00000000bf900000)
 Metaspace       used 101009K, committed 102784K, reserved 1179648K
  class space    used 10378K, committed 11200K, reserved 1048576K
}
Event: 10475.031 GC heap after
{Heap after GC invocations=2870 (full 7):
 PSYoungGen      total 4608K, used 544K [0x00000000d5580000, 0x00000000d5b00000, 0x0000000100000000)
  eden space 3584K, 0% used [0x00000000d5580000,0x00000000d5580000,0x00000000d5900000)
  from space 1024K, 53% used [0x00000000d5980000,0x00000000d5a08000,0x00000000d5a80000)
  to   space 512K, 0% used [0x00000000d5a80000,0x00000000d5a80000,0x00000000d5b00000)
 ParOldGen       total 1041920K, used 1041659K [0x0000000080000000, 0x00000000bf980000, 0x00000000d5580000)
  object space 1041920K, 99% used [0x0000000080000000,0x00000000bf93eff0,0x00000000bf980000)
 Metaspace       used 101009K, committed 102784K, reserved 1179648K
  class space    used 10378K, committed 11200K, reserved 1048576K
}
Event: 10475.317 GC heap before
{Heap before GC invocations=2871 (full 7):
 PSYoungGen      total 4608K, used 4120K [0x00000000d5580000, 0x00000000d5b00000, 0x0000000100000000)
  eden space 3584K, 99% used [0x00000000d5580000,0x00000000d58fe1c8,0x00000000d5900000)
  from space 1024K, 53% used [0x00000000d5980000,0x00000000d5a08000,0x00000000d5a80000)
  to   space 512K, 0% used [0x00000000d5a80000,0x00000000d5a80000,0x00000000d5b00000)
 ParOldGen       total 1041920K, used 1041659K [0x0000000080000000, 0x00000000bf980000, 0x00000000d5580000)
  object space 1041920K, 99% used [0x0000000080000000,0x00000000bf93eff0,0x00000000bf980000)
 Metaspace       used 101009K, committed 102784K, reserved 1179648K
  class space    used 10378K, committed 11200K, reserved 1048576K
}
Event: 10475.324 GC heap after
{Heap after GC invocations=2871 (full 7):
 PSYoungGen      total 4096K, used 512K [0x00000000d5580000, 0x00000000d5b00000, 0x0000000100000000)
  eden space 3584K, 0% used [0x00000000d5580000,0x00000000d5580000,0x00000000d5900000)
  from space 512K, 100% used [0x00000000d5a80000,0x00000000d5b00000,0x00000000d5b00000)
  to   space 1024K, 0% used [0x00000000d5900000,0x00000000d5900000,0x00000000d5a00000)
 ParOldGen       total 1042432K, used 1042096K [0x0000000080000000, 0x00000000bfa00000, 0x00000000d5580000)
  object space 1042432K, 99% used [0x0000000080000000,0x00000000bf9ac340,0x00000000bfa00000)
 Metaspace       used 101009K, committed 102784K, reserved 1179648K
  class space    used 10378K, committed 11200K, reserved 1048576K
}
Event: 10475.335 GC heap before
{Heap before GC invocations=2872 (full 7):
 PSYoungGen      total 4096K, used 4096K [0x00000000d5580000, 0x00000000d5b00000, 0x0000000100000000)
  eden space 3584K, 100% used [0x00000000d5580000,0x00000000d5900000,0x00000000d5900000)
  from space 512K, 100% used [0x00000000d5a80000,0x00000000d5b00000,0x00000000d5b00000)
  to   space 1024K, 0% used [0x00000000d5900000,0x00000000d5900000,0x00000000d5a00000)
 ParOldGen       total 1042432K, used 1042096K [0x0000000080000000, 0x00000000bfa00000, 0x00000000d5580000)
  object space 1042432K, 99% used [0x0000000080000000,0x00000000bf9ac340,0x00000000bfa00000)
 Metaspace       used 101009K, committed 102784K, reserved 1179648K
  class space    used 10378K, committed 11200K, reserved 1048576K
}
Event: 10475.337 GC heap after
{Heap after GC invocations=2872 (full 7):
 PSYoungGen      total 4608K, used 682K [0x00000000d5580000, 0x00000000d5b00000, 0x0000000100000000)
  eden space 3584K, 0% used [0x00000000d5580000,0x00000000d5580000,0x00000000d5900000)
  from space 1024K, 66% used [0x00000000d5900000,0x00000000d59aa910,0x00000000d5a00000)
  to   space 1024K, 0% used [0x00000000d5a00000,0x00000000d5a00000,0x00000000d5b00000)
 ParOldGen       total 1042944K, used 1042590K [0x0000000080000000, 0x00000000bfa80000, 0x00000000d5580000)
  object space 1042944K, 99% used [0x0000000080000000,0x00000000bfa27ac0,0x00000000bfa80000)
 Metaspace       used 101009K, committed 102784K, reserved 1179648K
  class space    used 10378K, committed 11200K, reserved 1048576K
}
Event: 10475.359 GC heap before
{Heap before GC invocations=2873 (full 7):
 PSYoungGen      total 4608K, used 4266K [0x00000000d5580000, 0x00000000d5b00000, 0x0000000100000000)
  eden space 3584K, 100% used [0x00000000d5580000,0x00000000d5900000,0x00000000d5900000)
  from space 1024K, 66% used [0x00000000d5900000,0x00000000d59aa910,0x00000000d5a00000)
  to   space 1024K, 0% used [0x00000000d5a00000,0x00000000d5a00000,0x00000000d5b00000)
 ParOldGen       total 1042944K, used 1042590K [0x0000000080000000, 0x00000000bfa80000, 0x00000000d5580000)
  object space 1042944K, 99% used [0x0000000080000000,0x00000000bfa27ac0,0x00000000bfa80000)
 Metaspace       used 101009K, committed 102784K, reserved 1179648K
  class space    used 10378K, committed 11200K, reserved 1048576K
}
Event: 10475.376 GC heap after
{Heap after GC invocations=2873 (full 7):
 PSYoungGen      total 4608K, used 532K [0x00000000d5580000, 0x00000000d5b00000, 0x0000000100000000)
  eden space 3584K, 0% used [0x00000000d5580000,0x00000000d5580000,0x00000000d5900000)
  from space 1024K, 52% used [0x00000000d5a00000,0x00000000d5a85220,0x00000000d5b00000)
  to   space 1024K, 0% used [0x00000000d5900000,0x00000000d5900000,0x00000000d5a00000)
 ParOldGen       total 1043456K, used 1043126K [0x0000000080000000, 0x00000000bfb00000, 0x00000000d5580000)
  object space 1043456K, 99% used [0x0000000080000000,0x00000000bfaadb80,0x00000000bfb00000)
 Metaspace       used 101009K, committed 102784K, reserved 1179648K
  class space    used 10378K, committed 11200K, reserved 1048576K
}
Event: 10475.382 GC heap before
{Heap before GC invocations=2874 (full 7):
 PSYoungGen      total 4608K, used 4116K [0x00000000d5580000, 0x00000000d5b00000, 0x0000000100000000)
  eden space 3584K, 99% used [0x00000000d5580000,0x00000000d58fffd8,0x00000000d5900000)
  from space 1024K, 52% used [0x00000000d5a00000,0x00000000d5a85220,0x00000000d5b00000)
  to   space 1024K, 0% used [0x00000000d5900000,0x00000000d5900000,0x00000000d5a00000)
 ParOldGen       total 1043456K, used 1043126K [0x0000000080000000, 0x00000000bfb00000, 0x00000000d5580000)
  object space 1043456K, 99% used [0x0000000080000000,0x00000000bfaadb80,0x00000000bfb00000)
 Metaspace       used 101009K, committed 102784K, reserved 1179648K
  class space    used 10378K, committed 11200K, reserved 1048576K
}
Event: 10475.387 GC heap after
{Heap after GC invocations=2874 (full 7):
 PSYoungGen      total 4608K, used 656K [0x00000000d5580000, 0x00000000d5c00000, 0x0000000100000000)
  eden space 3584K, 0% used [0x00000000d5580000,0x00000000d5580000,0x00000000d5900000)
  from space 1024K, 64% used [0x00000000d5900000,0x00000000d59a4010,0x00000000d5a00000)
  to   space 1024K, 0% used [0x00000000d5b00000,0x00000000d5b00000,0x00000000d5c00000)
 ParOldGen       total 1043968K, used 1043481K [0x0000000080000000, 0x00000000bfb80000, 0x00000000d5580000)
  object space 1043968K, 99% used [0x0000000080000000,0x00000000bfb06550,0x00000000bfb80000)
 Metaspace       used 101009K, committed 102784K, reserved 1179648K
  class space    used 10378K, committed 11200K, reserved 1048576K
}
Event: 10475.394 GC heap before
{Heap before GC invocations=2875 (full 7):
 PSYoungGen      total 4608K, used 4239K [0x00000000d5580000, 0x00000000d5c00000, 0x0000000100000000)
  eden space 3584K, 99% used [0x00000000d5580000,0x00000000d58fffc0,0x00000000d5900000)
  from space 1024K, 64% used [0x00000000d5900000,0x00000000d59a4010,0x00000000d5a00000)
  to   space 1024K, 0% used [0x00000000d5b00000,0x00000000d5b00000,0x00000000d5c00000)
 ParOldGen       total 1043968K, used 1043481K [0x0000000080000000, 0x00000000bfb80000, 0x00000000d5580000)
  object space 1043968K, 99% used [0x0000000080000000,0x00000000bfb06550,0x00000000bfb80000)
 Metaspace       used 101009K, committed 102784K, reserved 1179648K
  class space    used 10378K, committed 11200K, reserved 1048576K
}
Event: 10475.398 GC heap after
{Heap after GC invocations=2875 (full 7):
 PSYoungGen      total 5632K, used 480K [0x00000000d5580000, 0x00000000d5c00000, 0x0000000100000000)
  eden space 4608K, 0% used [0x00000000d5580000,0x00000000d5580000,0x00000000d5a00000)
  from space 1024K, 46% used [0x00000000d5b00000,0x00000000d5b78000,0x00000000d5c00000)
  to   space 1024K, 0% used [0x00000000d5a00000,0x00000000d5a00000,0x00000000d5b00000)
 ParOldGen       total 1044480K, used 1044009K [0x0000000080000000, 0x00000000bfc00000, 0x00000000d5580000)
  object space 1044480K, 99% used [0x0000000080000000,0x00000000bfb8a580,0x00000000bfc00000)
 Metaspace       used 101009K, committed 102784K, reserved 1179648K
  class space    used 10378K, committed 11200K, reserved 1048576K
}
Event: 10475.897 GC heap before
{Heap before GC invocations=2876 (full 7):
 PSYoungGen      total 5632K, used 5088K [0x00000000d5580000, 0x00000000d5c00000, 0x0000000100000000)
  eden space 4608K, 100% used [0x00000000d5580000,0x00000000d5a00000,0x00000000d5a00000)
  from space 1024K, 46% used [0x00000000d5b00000,0x00000000d5b78000,0x00000000d5c00000)
  to   space 1024K, 0% used [0x00000000d5a00000,0x00000000d5a00000,0x00000000d5b00000)
 ParOldGen       total 1044480K, used 1044009K [0x0000000080000000, 0x00000000bfc00000, 0x00000000d5580000)
  object space 1044480K, 99% used [0x0000000080000000,0x00000000bfb8a580,0x00000000bfc00000)
 Metaspace       used 101011K, committed 102784K, reserved 1179648K
  class space    used 10378K, committed 11200K, reserved 1048576K
}
Event: 10475.902 GC heap after
{Heap after GC invocations=2876 (full 7):
 PSYoungGen      total 5632K, used 832K [0x00000000d5580000, 0x00000000d5d00000, 0x0000000100000000)
  eden space 4608K, 0% used [0x00000000d5580000,0x00000000d5580000,0x00000000d5a00000)
  from space 1024K, 81% used [0x00000000d5a00000,0x00000000d5ad0020,0x00000000d5b00000)
  to   space 1024K, 0% used [0x00000000d5c00000,0x00000000d5c00000,0x00000000d5d00000)
 ParOldGen       total 1044480K, used 1044337K [0x0000000080000000, 0x00000000bfc00000, 0x00000000d5580000)
  object space 1044480K, 99% used [0x0000000080000000,0x00000000bfbdc580,0x00000000bfc00000)
 Metaspace       used 101011K, committed 102784K, reserved 1179648K
  class space    used 10378K, committed 11200K, reserved 1048576K
}

